<?xml version="1.0" encoding="UTF-8"?>
<testsuite xmlns:xsi="http://www.w3.org/2001/XMLSchema-instance" xsi:noNamespaceSchemaLocation="https://maven.apache.org/surefire/maven-surefire-plugin/xsd/surefire-test-report-3.0.xsd" version="3.0" name="TestRuntime" time="0.054" tests="1" errors="0" skipped="0" failures="0">
  <properties>
    <property name="java.specification.version" value="21"/>
    <property name="sun.jnu.encoding" value="UTF-8"/>
    <property name="java.class.path" value="/home/pascal/Git/tools/JNDI/JNDI-Exploit-Kit/target/test-classes:/home/pascal/Git/tools/JNDI/JNDI-Exploit-Kit/target/classes:/home/pascal/.m2/repository/org/ow2/asm/asm/7.1/asm-7.1.jar:/home/pascal/.m2/repository/org/javassist/javassist/3.19.0-GA/javassist-3.19.0-GA.jar:/home/pascal/.m2/repository/org/reflections/reflections/0.9.9/reflections-0.9.9.jar:/home/pascal/.m2/repository/com/google/guava/guava/15.0/guava-15.0.jar:/home/pascal/.m2/repository/com/google/code/findbugs/annotations/2.0.1/annotations-2.0.1.jar:/home/pascal/.m2/repository/org/slf4j/slf4j-nop/1.7.24/slf4j-nop-1.7.24.jar:/home/pascal/.m2/repository/org/apache/commons/commons-lang3/3.4/commons-lang3-3.4.jar:/home/pascal/.m2/repository/commons-cli/commons-cli/1.3/commons-cli-1.3.jar:/home/pascal/.m2/repository/com/unboundid/unboundid-ldapsdk/3.1.1/unboundid-ldapsdk-3.1.1.jar:/home/pascal/.m2/repository/org/eclipse/jetty/aggregate/jetty-webapp/8.1.9.v20130131/jetty-webapp-8.1.9.v20130131.jar:/home/pascal/.m2/repository/org/eclipse/jetty/orbit/javax.servlet/3.0.0.v201112011016/javax.servlet-3.0.0.v201112011016.jar:/home/pascal/.m2/repository/org/apache/tomcat/tomcat-catalina/8.0.36/tomcat-catalina-8.0.36.jar:/home/pascal/.m2/repository/org/apache/tomcat/tomcat-servlet-api/8.0.36/tomcat-servlet-api-8.0.36.jar:/home/pascal/.m2/repository/org/apache/tomcat/tomcat-jsp-api/8.0.36/tomcat-jsp-api-8.0.36.jar:/home/pascal/.m2/repository/org/apache/tomcat/tomcat-juli/8.0.36/tomcat-juli-8.0.36.jar:/home/pascal/.m2/repository/org/apache/tomcat/tomcat-annotations-api/8.0.36/tomcat-annotations-api-8.0.36.jar:/home/pascal/.m2/repository/org/apache/tomcat/tomcat-api/8.0.36/tomcat-api-8.0.36.jar:/home/pascal/.m2/repository/org/apache/tomcat/tomcat-jni/8.0.36/tomcat-jni-8.0.36.jar:/home/pascal/.m2/repository/org/apache/tomcat/tomcat-coyote/8.0.36/tomcat-coyote-8.0.36.jar:/home/pascal/.m2/repository/org/apache/tomcat/tomcat-util/8.0.36/tomcat-util-8.0.36.jar:/home/pascal/.m2/repository/org/apache/tomcat/tomcat-util-scan/8.0.36/tomcat-util-scan-8.0.36.jar:/home/pascal/.m2/repository/org/apache/tomcat/tomcat-jasper-el/8.5.38/tomcat-jasper-el-8.5.38.jar:/home/pascal/.m2/repository/org/apache/tomcat/tomcat-el-api/8.5.38/tomcat-el-api-8.5.38.jar:/home/pascal/.m2/repository/junit/junit/4.12/junit-4.12.jar:/home/pascal/.m2/repository/org/hamcrest/hamcrest-core/1.3/hamcrest-core-1.3.jar:/home/pascal/.m2/repository/com/nqzero/permit-reflect/0.3/permit-reflect-0.3.jar:/home/pascal/.m2/repository/org/springframework/spring-tx/4.2.4.RELEASE/spring-tx-4.2.4.RELEASE.jar:/home/pascal/.m2/repository/org/springframework/spring-context/4.2.4.RELEASE/spring-context-4.2.4.RELEASE.jar:/home/pascal/.m2/repository/org/springframework/spring-expression/4.2.4.RELEASE/spring-expression-4.2.4.RELEASE.jar:/home/pascal/.m2/repository/javax/transaction/javax.transaction-api/1.2/javax.transaction-api-1.2.jar:/home/pascal/.m2/repository/commons-collections/commons-collections/3.2.1/commons-collections-3.2.1.jar:/home/pascal/.m2/repository/org/beanshell/bsh/2.0b5/bsh-2.0b5.jar:/home/pascal/.m2/repository/commons-beanutils/commons-beanutils/1.8.2/commons-beanutils-1.8.2.jar:/home/pascal/.m2/repository/commons-logging/commons-logging/1.1.1/commons-logging-1.1.1.jar:/home/pascal/.m2/repository/org/apache/commons/commons-collections4/4.0/commons-collections4-4.0.jar:/home/pascal/.m2/repository/org/codehaus/groovy/groovy/2.3.9/groovy-2.3.9.jar:/home/pascal/.m2/repository/org/springframework/spring-core/4.1.4.RELEASE/spring-core-4.1.4.RELEASE.jar:/home/pascal/.m2/repository/org/springframework/spring-beans/4.1.4.RELEASE/spring-beans-4.1.4.RELEASE.jar:/home/pascal/.m2/repository/org/hibernate/hibernate-core/4.3.11.Final/hibernate-core-4.3.11.Final.jar:/home/pascal/.m2/repository/org/jboss/logging/jboss-logging/3.1.3.GA/jboss-logging-3.1.3.GA.jar:/home/pascal/.m2/repository/org/jboss/logging/jboss-logging-annotations/1.2.0.Beta1/jboss-logging-annotations-1.2.0.Beta1.jar:/home/pascal/.m2/repository/org/jboss/spec/javax/transaction/jboss-transaction-api_1.2_spec/1.0.0.Final/jboss-transaction-api_1.2_spec-1.0.0.Final.jar:/home/pascal/.m2/repository/dom4j/dom4j/1.6.1/dom4j-1.6.1.jar:/home/pascal/.m2/repository/xml-apis/xml-apis/1.0.b2/xml-apis-1.0.b2.jar:/home/pascal/.m2/repository/org/hibernate/common/hibernate-commons-annotations/4.0.5.Final/hibernate-commons-annotations-4.0.5.Final.jar:/home/pascal/.m2/repository/org/hibernate/javax/persistence/hibernate-jpa-2.1-api/1.0.0.Final/hibernate-jpa-2.1-api-1.0.0.Final.jar:/home/pascal/.m2/repository/antlr/antlr/2.7.7/antlr-2.7.7.jar:/home/pascal/.m2/repository/org/jboss/jandex/1.1.0.Final/jandex-1.1.0.Final.jar:/home/pascal/.m2/repository/org/springframework/spring-aop/4.1.4.RELEASE/spring-aop-4.1.4.RELEASE.jar:/home/pascal/.m2/repository/aopalliance/aopalliance/1.0/aopalliance-1.0.jar:/home/pascal/.m2/repository/net/sf/json-lib/json-lib/2.4/json-lib-2.4-jdk15.jar:/home/pascal/.m2/repository/commons-lang/commons-lang/2.5/commons-lang-2.5.jar:/home/pascal/.m2/repository/net/sf/ezmorph/ezmorph/1.0.6/ezmorph-1.0.6.jar:/home/pascal/.m2/repository/commons-fileupload/commons-fileupload/1.3/commons-fileupload-1.3.jar:/home/pascal/.m2/repository/commons-io/commons-io/2.2/commons-io-2.2.jar:/home/pascal/.m2/repository/org/apache/wicket/wicket-util/6.23.0/wicket-util-6.23.0.jar:/home/pascal/.m2/repository/com/mchange/c3p0/0.9.5.2/c3p0-0.9.5.2.jar:/home/pascal/.m2/repository/com/mchange/mchange-commons-java/0.2.11/mchange-commons-java-0.2.11.jar:/home/pascal/.m2/repository/javax/servlet/javax.servlet-api/3.1.0/javax.servlet-api-3.1.0.jar:/home/pascal/.m2/repository/org/apache/myfaces/core/myfaces-impl/2.2.9/myfaces-impl-2.2.9.jar:/home/pascal/.m2/repository/org/apache/myfaces/core/myfaces-api/2.2.9/myfaces-api-2.2.9.jar:/home/pascal/.m2/repository/org/apache/geronimo/specs/geronimo-atinject_1.0_spec/1.0/geronimo-atinject_1.0_spec-1.0.jar:/home/pascal/.m2/repository/commons-digester/commons-digester/1.8/commons-digester-1.8.jar:/home/pascal/.m2/repository/xalan/xalan/2.7.2/xalan-2.7.2.jar:/home/pascal/.m2/repository/xalan/serializer/2.7.2/serializer-2.7.2.jar:/home/pascal/.m2/repository/rome/rome/1.0/rome-1.0.jar:/home/pascal/.m2/repository/jdom/jdom/1.0/jdom-1.0.jar:/home/pascal/.m2/repository/org/python/jython-standalone/2.5.2/jython-standalone-2.5.2.jar:/home/pascal/.m2/repository/rhino/js/1.7R2/js-1.7R2.jar:/home/pascal/.m2/repository/javassist/javassist/3.12.0.GA/javassist-3.12.0.GA.jar:/home/pascal/.m2/repository/org/jboss/weld/weld-core/1.1.33.Final/weld-core-1.1.33.Final.jar:/home/pascal/.m2/repository/org/jboss/weld/weld-api/1.1.Final/weld-api-1.1.Final.jar:/home/pascal/.m2/repository/org/jboss/weld/weld-spi/1.1.Final/weld-spi-1.1.Final.jar:/home/pascal/.m2/repository/javax/annotation/jsr250-api/1.0/jsr250-api-1.0.jar:/home/pascal/.m2/repository/org/jboss/spec/javax/interceptor/jboss-interceptors-api_1.1_spec/1.0.0.Beta1/jboss-interceptors-api_1.1_spec-1.0.0.Beta1.jar:/home/pascal/.m2/repository/org/slf4j/slf4j-ext/1.7.2/slf4j-ext-1.7.2.jar:/home/pascal/.m2/repository/ch/qos/cal10n/cal10n-api/0.7.7/cal10n-api-0.7.7.jar:/home/pascal/.m2/repository/org/jboss/interceptor/jboss-interceptor-core/2.0.0.Final/jboss-interceptor-core-2.0.0.Final.jar:/home/pascal/.m2/repository/org/jboss/interceptor/jboss-interceptor-spi/2.0.0.Final/jboss-interceptor-spi-2.0.0.Final.jar:/home/pascal/.m2/repository/javax/enterprise/cdi-api/1.0-SP1/cdi-api-1.0-SP1.jar:/home/pascal/.m2/repository/org/jboss/interceptor/jboss-interceptor-api/1.1/jboss-interceptor-api-1.1.jar:/home/pascal/.m2/repository/javax/inject/javax.inject/1/javax.inject-1.jar:/home/pascal/.m2/repository/commons-codec/commons-codec/1.9/commons-codec-1.9.jar:/home/pascal/.m2/repository/org/slf4j/slf4j-api/1.7.21/slf4j-api-1.7.21.jar:/home/pascal/.m2/repository/org/slf4j/slf4j-jdk14/1.7.21/slf4j-jdk14-1.7.21.jar:/home/pascal/.m2/repository/org/clojure/clojure/1.8.0/clojure-1.8.0.jar:/home/pascal/.m2/repository/com/vaadin/vaadin-server/7.7.14/vaadin-server-7.7.14.jar:/home/pascal/.m2/repository/com/vaadin/vaadin-sass-compiler/0.9.13/vaadin-sass-compiler-0.9.13.jar:/home/pascal/.m2/repository/org/w3c/css/sac/1.3/sac-1.3.jar:/home/pascal/.m2/repository/com/vaadin/external/flute/flute/1.3.0.gg2/flute-1.3.0.gg2.jar:/home/pascal/.m2/repository/com/vaadin/vaadin-shared/7.7.14/vaadin-shared-7.7.14.jar:/home/pascal/.m2/repository/org/jsoup/jsoup/1.8.3/jsoup-1.8.3.jar:"/>
    <property name="java.vm.vendor" value="Oracle Corporation"/>
    <property name="sun.arch.data.model" value="64"/>
    <property name="java.vendor.url" value="https://openjdk.org/"/>
    <property name="os.name" value="Linux"/>
    <property name="java.vm.specification.version" value="21"/>
    <property name="sun.java.launcher" value="SUN_STANDARD"/>
    <property name="user.country" value="US"/>
    <property name="sun.boot.library.path" value="/nix/store/yz8j2l57vbnvwbzscwrrwmvc9d74rg6r-openjdk-headless-21.0.3+9/lib/openjdk/lib"/>
    <property name="sun.java.command" value="/home/pascal/Git/tools/JNDI/JNDI-Exploit-Kit/target/surefire/surefirebooter-20241109074854169_3.jar /home/pascal/Git/tools/JNDI/JNDI-Exploit-Kit/target/surefire 2024-11-09T07-48-53_964-jvmRun1 surefire-20241109074854169_1tmp surefire_0-20241109074854169_2tmp"/>
    <property name="jdk.debug" value="release"/>
    <property name="surefire.test.class.path" value="/home/pascal/Git/tools/JNDI/JNDI-Exploit-Kit/target/test-classes:/home/pascal/Git/tools/JNDI/JNDI-Exploit-Kit/target/classes:/home/pascal/.m2/repository/org/ow2/asm/asm/7.1/asm-7.1.jar:/home/pascal/.m2/repository/org/javassist/javassist/3.19.0-GA/javassist-3.19.0-GA.jar:/home/pascal/.m2/repository/org/reflections/reflections/0.9.9/reflections-0.9.9.jar:/home/pascal/.m2/repository/com/google/guava/guava/15.0/guava-15.0.jar:/home/pascal/.m2/repository/com/google/code/findbugs/annotations/2.0.1/annotations-2.0.1.jar:/home/pascal/.m2/repository/org/slf4j/slf4j-nop/1.7.24/slf4j-nop-1.7.24.jar:/home/pascal/.m2/repository/org/apache/commons/commons-lang3/3.4/commons-lang3-3.4.jar:/home/pascal/.m2/repository/commons-cli/commons-cli/1.3/commons-cli-1.3.jar:/home/pascal/.m2/repository/com/unboundid/unboundid-ldapsdk/3.1.1/unboundid-ldapsdk-3.1.1.jar:/home/pascal/.m2/repository/org/eclipse/jetty/aggregate/jetty-webapp/8.1.9.v20130131/jetty-webapp-8.1.9.v20130131.jar:/home/pascal/.m2/repository/org/eclipse/jetty/orbit/javax.servlet/3.0.0.v201112011016/javax.servlet-3.0.0.v201112011016.jar:/home/pascal/.m2/repository/org/apache/tomcat/tomcat-catalina/8.0.36/tomcat-catalina-8.0.36.jar:/home/pascal/.m2/repository/org/apache/tomcat/tomcat-servlet-api/8.0.36/tomcat-servlet-api-8.0.36.jar:/home/pascal/.m2/repository/org/apache/tomcat/tomcat-jsp-api/8.0.36/tomcat-jsp-api-8.0.36.jar:/home/pascal/.m2/repository/org/apache/tomcat/tomcat-juli/8.0.36/tomcat-juli-8.0.36.jar:/home/pascal/.m2/repository/org/apache/tomcat/tomcat-annotations-api/8.0.36/tomcat-annotations-api-8.0.36.jar:/home/pascal/.m2/repository/org/apache/tomcat/tomcat-api/8.0.36/tomcat-api-8.0.36.jar:/home/pascal/.m2/repository/org/apache/tomcat/tomcat-jni/8.0.36/tomcat-jni-8.0.36.jar:/home/pascal/.m2/repository/org/apache/tomcat/tomcat-coyote/8.0.36/tomcat-coyote-8.0.36.jar:/home/pascal/.m2/repository/org/apache/tomcat/tomcat-util/8.0.36/tomcat-util-8.0.36.jar:/home/pascal/.m2/repository/org/apache/tomcat/tomcat-util-scan/8.0.36/tomcat-util-scan-8.0.36.jar:/home/pascal/.m2/repository/org/apache/tomcat/tomcat-jasper-el/8.5.38/tomcat-jasper-el-8.5.38.jar:/home/pascal/.m2/repository/org/apache/tomcat/tomcat-el-api/8.5.38/tomcat-el-api-8.5.38.jar:/home/pascal/.m2/repository/junit/junit/4.12/junit-4.12.jar:/home/pascal/.m2/repository/org/hamcrest/hamcrest-core/1.3/hamcrest-core-1.3.jar:/home/pascal/.m2/repository/com/nqzero/permit-reflect/0.3/permit-reflect-0.3.jar:/home/pascal/.m2/repository/org/springframework/spring-tx/4.2.4.RELEASE/spring-tx-4.2.4.RELEASE.jar:/home/pascal/.m2/repository/org/springframework/spring-context/4.2.4.RELEASE/spring-context-4.2.4.RELEASE.jar:/home/pascal/.m2/repository/org/springframework/spring-expression/4.2.4.RELEASE/spring-expression-4.2.4.RELEASE.jar:/home/pascal/.m2/repository/javax/transaction/javax.transaction-api/1.2/javax.transaction-api-1.2.jar:/home/pascal/.m2/repository/commons-collections/commons-collections/3.2.1/commons-collections-3.2.1.jar:/home/pascal/.m2/repository/org/beanshell/bsh/2.0b5/bsh-2.0b5.jar:/home/pascal/.m2/repository/commons-beanutils/commons-beanutils/1.8.2/commons-beanutils-1.8.2.jar:/home/pascal/.m2/repository/commons-logging/commons-logging/1.1.1/commons-logging-1.1.1.jar:/home/pascal/.m2/repository/org/apache/commons/commons-collections4/4.0/commons-collections4-4.0.jar:/home/pascal/.m2/repository/org/codehaus/groovy/groovy/2.3.9/groovy-2.3.9.jar:/home/pascal/.m2/repository/org/springframework/spring-core/4.1.4.RELEASE/spring-core-4.1.4.RELEASE.jar:/home/pascal/.m2/repository/org/springframework/spring-beans/4.1.4.RELEASE/spring-beans-4.1.4.RELEASE.jar:/home/pascal/.m2/repository/org/hibernate/hibernate-core/4.3.11.Final/hibernate-core-4.3.11.Final.jar:/home/pascal/.m2/repository/org/jboss/logging/jboss-logging/3.1.3.GA/jboss-logging-3.1.3.GA.jar:/home/pascal/.m2/repository/org/jboss/logging/jboss-logging-annotations/1.2.0.Beta1/jboss-logging-annotations-1.2.0.Beta1.jar:/home/pascal/.m2/repository/org/jboss/spec/javax/transaction/jboss-transaction-api_1.2_spec/1.0.0.Final/jboss-transaction-api_1.2_spec-1.0.0.Final.jar:/home/pascal/.m2/repository/dom4j/dom4j/1.6.1/dom4j-1.6.1.jar:/home/pascal/.m2/repository/xml-apis/xml-apis/1.0.b2/xml-apis-1.0.b2.jar:/home/pascal/.m2/repository/org/hibernate/common/hibernate-commons-annotations/4.0.5.Final/hibernate-commons-annotations-4.0.5.Final.jar:/home/pascal/.m2/repository/org/hibernate/javax/persistence/hibernate-jpa-2.1-api/1.0.0.Final/hibernate-jpa-2.1-api-1.0.0.Final.jar:/home/pascal/.m2/repository/antlr/antlr/2.7.7/antlr-2.7.7.jar:/home/pascal/.m2/repository/org/jboss/jandex/1.1.0.Final/jandex-1.1.0.Final.jar:/home/pascal/.m2/repository/org/springframework/spring-aop/4.1.4.RELEASE/spring-aop-4.1.4.RELEASE.jar:/home/pascal/.m2/repository/aopalliance/aopalliance/1.0/aopalliance-1.0.jar:/home/pascal/.m2/repository/net/sf/json-lib/json-lib/2.4/json-lib-2.4-jdk15.jar:/home/pascal/.m2/repository/commons-lang/commons-lang/2.5/commons-lang-2.5.jar:/home/pascal/.m2/repository/net/sf/ezmorph/ezmorph/1.0.6/ezmorph-1.0.6.jar:/home/pascal/.m2/repository/commons-fileupload/commons-fileupload/1.3/commons-fileupload-1.3.jar:/home/pascal/.m2/repository/commons-io/commons-io/2.2/commons-io-2.2.jar:/home/pascal/.m2/repository/org/apache/wicket/wicket-util/6.23.0/wicket-util-6.23.0.jar:/home/pascal/.m2/repository/com/mchange/c3p0/0.9.5.2/c3p0-0.9.5.2.jar:/home/pascal/.m2/repository/com/mchange/mchange-commons-java/0.2.11/mchange-commons-java-0.2.11.jar:/home/pascal/.m2/repository/javax/servlet/javax.servlet-api/3.1.0/javax.servlet-api-3.1.0.jar:/home/pascal/.m2/repository/org/apache/myfaces/core/myfaces-impl/2.2.9/myfaces-impl-2.2.9.jar:/home/pascal/.m2/repository/org/apache/myfaces/core/myfaces-api/2.2.9/myfaces-api-2.2.9.jar:/home/pascal/.m2/repository/org/apache/geronimo/specs/geronimo-atinject_1.0_spec/1.0/geronimo-atinject_1.0_spec-1.0.jar:/home/pascal/.m2/repository/commons-digester/commons-digester/1.8/commons-digester-1.8.jar:/home/pascal/.m2/repository/xalan/xalan/2.7.2/xalan-2.7.2.jar:/home/pascal/.m2/repository/xalan/serializer/2.7.2/serializer-2.7.2.jar:/home/pascal/.m2/repository/rome/rome/1.0/rome-1.0.jar:/home/pascal/.m2/repository/jdom/jdom/1.0/jdom-1.0.jar:/home/pascal/.m2/repository/org/python/jython-standalone/2.5.2/jython-standalone-2.5.2.jar:/home/pascal/.m2/repository/rhino/js/1.7R2/js-1.7R2.jar:/home/pascal/.m2/repository/javassist/javassist/3.12.0.GA/javassist-3.12.0.GA.jar:/home/pascal/.m2/repository/org/jboss/weld/weld-core/1.1.33.Final/weld-core-1.1.33.Final.jar:/home/pascal/.m2/repository/org/jboss/weld/weld-api/1.1.Final/weld-api-1.1.Final.jar:/home/pascal/.m2/repository/org/jboss/weld/weld-spi/1.1.Final/weld-spi-1.1.Final.jar:/home/pascal/.m2/repository/javax/annotation/jsr250-api/1.0/jsr250-api-1.0.jar:/home/pascal/.m2/repository/org/jboss/spec/javax/interceptor/jboss-interceptors-api_1.1_spec/1.0.0.Beta1/jboss-interceptors-api_1.1_spec-1.0.0.Beta1.jar:/home/pascal/.m2/repository/org/slf4j/slf4j-ext/1.7.2/slf4j-ext-1.7.2.jar:/home/pascal/.m2/repository/ch/qos/cal10n/cal10n-api/0.7.7/cal10n-api-0.7.7.jar:/home/pascal/.m2/repository/org/jboss/interceptor/jboss-interceptor-core/2.0.0.Final/jboss-interceptor-core-2.0.0.Final.jar:/home/pascal/.m2/repository/org/jboss/interceptor/jboss-interceptor-spi/2.0.0.Final/jboss-interceptor-spi-2.0.0.Final.jar:/home/pascal/.m2/repository/javax/enterprise/cdi-api/1.0-SP1/cdi-api-1.0-SP1.jar:/home/pascal/.m2/repository/org/jboss/interceptor/jboss-interceptor-api/1.1/jboss-interceptor-api-1.1.jar:/home/pascal/.m2/repository/javax/inject/javax.inject/1/javax.inject-1.jar:/home/pascal/.m2/repository/commons-codec/commons-codec/1.9/commons-codec-1.9.jar:/home/pascal/.m2/repository/org/slf4j/slf4j-api/1.7.21/slf4j-api-1.7.21.jar:/home/pascal/.m2/repository/org/slf4j/slf4j-jdk14/1.7.21/slf4j-jdk14-1.7.21.jar:/home/pascal/.m2/repository/org/clojure/clojure/1.8.0/clojure-1.8.0.jar:/home/pascal/.m2/repository/com/vaadin/vaadin-server/7.7.14/vaadin-server-7.7.14.jar:/home/pascal/.m2/repository/com/vaadin/vaadin-sass-compiler/0.9.13/vaadin-sass-compiler-0.9.13.jar:/home/pascal/.m2/repository/org/w3c/css/sac/1.3/sac-1.3.jar:/home/pascal/.m2/repository/com/vaadin/external/flute/flute/1.3.0.gg2/flute-1.3.0.gg2.jar:/home/pascal/.m2/repository/com/vaadin/vaadin-shared/7.7.14/vaadin-shared-7.7.14.jar:/home/pascal/.m2/repository/org/jsoup/jsoup/1.8.3/jsoup-1.8.3.jar:"/>
    <property name="sun.cpu.endian" value="little"/>
    <property name="user.home" value="/home/pascal"/>
    <property name="user.language" value="en"/>
    <property name="java.specification.vendor" value="Oracle Corporation"/>
    <property name="java.version.date" value="2024-04-16"/>
    <property name="java.home" value="/nix/store/yz8j2l57vbnvwbzscwrrwmvc9d74rg6r-openjdk-headless-21.0.3+9/lib/openjdk"/>
    <property name="file.separator" value="/"/>
    <property name="basedir" value="/home/pascal/Git/tools/JNDI/JNDI-Exploit-Kit"/>
    <property name="java.vm.compressedOopsMode" value="Zero based"/>
    <property name="line.separator" value="&#10;"/>
    <property name="java.specification.name" value="Java Platform API Specification"/>
    <property name="java.vm.specification.vendor" value="Oracle Corporation"/>
    <property name="surefire.real.class.path" value="/home/pascal/Git/tools/JNDI/JNDI-Exploit-Kit/target/surefire/surefirebooter-20241109074854169_3.jar"/>
    <property name="sun.management.compiler" value="HotSpot 64-Bit Tiered Compilers"/>
    <property name="java.runtime.version" value="21.0.3+9-nixos"/>
    <property name="user.name" value="pascal"/>
    <property name="stdout.encoding" value="UTF-8"/>
    <property name="path.separator" value=":"/>
    <property name="os.version" value="6.6.58"/>
    <property name="java.runtime.name" value="OpenJDK Runtime Environment"/>
    <property name="file.encoding" value="UTF-8"/>
    <property name="java.vm.name" value="OpenJDK 64-Bit Server VM"/>
    <property name="localRepository" value="/home/pascal/.m2/repository"/>
    <property name="java.vendor.url.bug" value="https://bugreport.java.com/bugreport/"/>
    <property name="java.io.tmpdir" value="/tmp"/>
    <property name="java.version" value="21.0.3"/>
    <property name="user.dir" value="/home/pascal/Git/tools/JNDI/JNDI-Exploit-Kit"/>
    <property name="os.arch" value="amd64"/>
    <property name="java.vm.specification.name" value="Java Virtual Machine Specification"/>
    <property name="native.encoding" value="UTF-8"/>
    <property name="java.library.path" value="/usr/java/packages/lib:/usr/lib64:/lib64:/lib:/usr/lib"/>
    <property name="java.vm.info" value="mixed mode, sharing"/>
    <property name="stderr.encoding" value="UTF-8"/>
    <property name="java.vendor" value="N/A"/>
    <property name="java.vm.version" value="21.0.3+9-nixos"/>
    <property name="sun.io.unicode.encoding" value="UnicodeLittle"/>
    <property name="java.class.version" value="65.0"/>
  </properties>
  <testcase name="testRuntime" classname="TestRuntime" time="0.015"/>
</testsuite>